<?xml version="1.0" encoding="UTF-8"?>
<!-- Generated by org.testng.reporters.JUnitReportReporter -->
<testsuite hostname="DESKTOP-NFCUDP0" failures="0" tests="2" name="com.smartcitywebadmin.AdminManageLocationClass" time="2.942" errors="0" timestamp="5 Dec 2022 09:57:07 GMT">
  <testcase classname="com.smartcitywebadmin.AdminManageLocationClass" name="classlocationpage" time="0.371"/>
  <testcase classname="com.smartcitywebadmin.AdminManageLocationClass" name="InsertCredentials" time="2.571"/>
</testsuite> <!-- com.smartcitywebadmin.AdminManageLocationClass -->
