<?xml version="1.0" encoding="UTF-8"?>
<!-- Generated by org.testng.reporters.JUnitReportReporter -->
<testsuite hostname="DESKTOP-NFCUDP0" failures="0" tests="5" name="com.smartcitywebadmin.AdminloginClass" time="12.306" errors="0" timestamp="5 Dec 2022 06:49:50 GMT">
  <testcase classname="com.smartcitywebadmin.AdminloginClass" name="InsertCredentials" time="1.621"/>
  <testcase classname="com.smartcitywebadmin.AdminloginClass" name="forgottpasswordLink" time="0.036"/>
  <testcase classname="com.smartcitywebadmin.AdminloginClass" name="CheckPageURL" time="0.017"/>
  <testcase classname="com.smartcitywebadmin.AdminloginClass" name="Logout_successfully" time="0.218"/>
  <testcase classname="com.smartcitywebadmin.AdminloginClass" name="ParkingDashboard" time="10.414"/>
</testsuite> <!-- com.smartcitywebadmin.AdminloginClass -->
