<?xml version="1.0" encoding="UTF-8"?>
<!-- Generated by org.testng.reporters.JUnitReportReporter -->
<testsuite hostname="DESKTOP-NFCUDP0" failures="0" tests="7" name="com.smartcitywebadmin.AdminloginClass" time="118.367" errors="0" timestamp="5 Dec 2022 09:57:07 GMT">
  <testcase classname="com.smartcitywebadmin.AdminloginClass" name="Logout_successfully" time="0.461"/>
  <testcase classname="com.smartcitywebadmin.AdminloginClass" name="forgottpasswordLink" time="0.024"/>
  <testcase classname="com.smartcitywebadmin.AdminloginClass" name="createcountry" time="33.948"/>
  <testcase classname="com.smartcitywebadmin.AdminloginClass" name="InsertCredentials" time="1.955"/>
  <testcase classname="com.smartcitywebadmin.AdminloginClass" name="ParkingDashboard" time="10.411"/>
  <testcase classname="com.smartcitywebadmin.AdminloginClass" name="DeleteCountry" time="71.544"/>
  <testcase classname="com.smartcitywebadmin.AdminloginClass" name="CheckPageURL" time="0.024"/>
</testsuite> <!-- com.smartcitywebadmin.AdminloginClass -->
